<?xml version="1.0" encoding="UTF-8"?>
<!-- Generated by org.testng.reporters.JUnitXMLReporter -->
<testsuite ignored="4" hostname="LAPTOP-3O21V2C5" failures="0" tests="4" name="chrometest" time="21.16" errors="0" timestamp="2025-02-02T20:43:47 IST">
  <testcase classname="com.luma.LumaTest.HomepageTest" name="basePageUrlValidation" time="1.564"/>
  <testcase classname="com.luma.LumaTest.CustomerLoginTest" name="signInUrlValidation" time="3.242"/>
  <testcase classname="com.luma.LumaTest.CustomerLoginTest" name="InvalidSignInCredentials" time="2.758"/>
  <testcase classname="com.luma.LumaTest.CustomerLoginTest" name="validSignInCredentials" time="3.228"/>
  <testcase classname="com.luma.LumaTest.BaseClass" name="@BeforeTest shutdownLocalDriver" time="0.0">
    <ignored/>
  </testcase> <!-- @BeforeTest shutdownLocalDriver -->
  <testcase classname="com.luma.LumaTest.BaseClass" name="@AfterTest shutdownRemoteDriver" time="0.0">
    <ignored/>
  </testcase> <!-- @AfterTest shutdownRemoteDriver -->
  <testcase classname="com.luma.LumaTest.BaseClass" name="@BeforeTest initializeRemoteDriver" time="0.0">
    <ignored/>
  </testcase> <!-- @BeforeTest initializeRemoteDriver -->
  <testcase classname="com.luma.LumaTest.BaseClass" name="@BeforeTest initializeLocalDriver" time="0.0">
    <ignored/>
  </testcase> <!-- @BeforeTest initializeLocalDriver -->
</testsuite> <!-- chrometest -->
