<?xml version="1.0" encoding="UTF-8"?>
<testng-results ignored="0" total="4" passed="4" failed="0" skipped="0">
  <reporter-output>
  </reporter-output>
  <suite started-at="2025-02-02T20:43:26 IST" name="LumaUITest" finished-at="2025-02-02T20:43:47 IST" duration-ms="21160">
    <groups>
      <group name="SMOKE_TEST">
        <method signature="CustomerLoginTest.signInUrlValidation()[pri:0, instance:com.luma.LumaTest.CustomerLoginTest@52045dbe]" name="signInUrlValidation" class="com.luma.LumaTest.CustomerLoginTest"/>
        <method signature="CustomerLoginTest.InvalidSignInCredentials()[pri:1, instance:com.luma.LumaTest.CustomerLoginTest@52045dbe]" name="InvalidSignInCredentials" class="com.luma.LumaTest.CustomerLoginTest"/>
        <method signature="CustomerLoginTest.validSignInCredentials()[pri:2, instance:com.luma.LumaTest.CustomerLoginTest@52045dbe]" name="validSignInCredentials" class="com.luma.LumaTest.CustomerLoginTest"/>
        <method signature="HomepageTest.basePageUrlValidation()[pri:0, instance:com.luma.LumaTest.HomepageTest@2313052e]" name="basePageUrlValidation" class="com.luma.LumaTest.HomepageTest"/>
      </group> <!-- SMOKE_TEST -->
    </groups>
    <test started-at="2025-02-02T20:43:26 IST" name="chrometest" finished-at="2025-02-02T20:43:47 IST" duration-ms="21160">
      <class name="com.luma.LumaTest.CustomerLoginTest">
        <test-method signature="signInUrlValidation()[pri:0, instance:com.luma.LumaTest.CustomerLoginTest@52045dbe]" started-at="2025-02-02T20:43:37 IST" name="signInUrlValidation" description="To verify the customer sign-in page launched successfully!" finished-at="2025-02-02T20:43:41 IST" duration-ms="3242" status="PASS">
          <reporter-output>
          </reporter-output>
        </test-method> <!-- signInUrlValidation -->
        <test-method signature="InvalidSignInCredentials()[pri:1, instance:com.luma.LumaTest.CustomerLoginTest@52045dbe]" started-at="2025-02-02T20:43:41 IST" name="InvalidSignInCredentials" description="To verify the valid [ emailadress &amp; password ] which is not registered should not SIGN-IN" finished-at="2025-02-02T20:43:43 IST" depends-on-methods="com.luma.LumaTest.CustomerLoginTest.signInUrlValidation" duration-ms="2758" status="PASS">
          <reporter-output>
          </reporter-output>
        </test-method> <!-- InvalidSignInCredentials -->
        <test-method signature="validSignInCredentials()[pri:2, instance:com.luma.LumaTest.CustomerLoginTest@52045dbe]" started-at="2025-02-02T20:43:43 IST" name="validSignInCredentials" description="To verify the customer should login with valid [ emailadress &amp; password ] which is already register" finished-at="2025-02-02T20:43:47 IST" depends-on-methods="com.luma.LumaTest.CustomerLoginTest.signInUrlValidation" duration-ms="3228" status="PASS">
          <reporter-output>
          </reporter-output>
        </test-method> <!-- validSignInCredentials -->
      </class> <!-- com.luma.LumaTest.CustomerLoginTest -->
      <class name="com.luma.LumaTest.HomepageTest">
        <test-method is-config="true" signature="initializeLocalDriver(org.testng.ITestContext,java.lang.String)[pri:0, instance:com.luma.LumaTest.HomepageTest@2313052e]" started-at="2025-02-02T20:43:26 IST" name="initializeLocalDriver" finished-at="2025-02-02T20:43:36 IST" duration-ms="10284" status="PASS">
          <params>
            <param index="0">
              <value>
                <![CDATA[org.testng.TestRunner@2d4608a6]]>
              </value>
            </param>
            <param index="1">
              <value>
                <![CDATA[Chrome]]>
              </value>
            </param>
          </params>
          <reporter-output>
          </reporter-output>
        </test-method> <!-- initializeLocalDriver -->
        <test-method signature="basePageUrlValidation()[pri:0, instance:com.luma.LumaTest.HomepageTest@2313052e]" started-at="2025-02-02T20:43:36 IST" name="basePageUrlValidation" description="To verify the landing page of the website should be as requirement!" finished-at="2025-02-02T20:43:37 IST" duration-ms="1564" status="PASS">
          <reporter-output>
          </reporter-output>
        </test-method> <!-- basePageUrlValidation -->
      </class> <!-- com.luma.LumaTest.HomepageTest -->
    </test> <!-- chrometest -->
  </suite> <!-- LumaUITest -->
</testng-results>
